<?xml version="1.0" encoding="UTF-8"?>
<!-- Generated by org.testng.reporters.JUnitReportReporter -->
<testsuite hostname="SATEESH" name="com.Test.Loginpage" tests="2" failures="0" timestamp="7 May 2020 09:37:10 GMT" time="94.369" errors="0">
  <testcase name="createAccount" time="94.369" classname="com.Test.Loginpage"/>
  <testcase name="login" time="0.000" classname="com.Test.Loginpage"/>
</testsuite> <!-- com.Test.Loginpage -->
