<?xml version="1.0" encoding="UTF-8"?>
<!-- Generated by org.testng.reporters.JUnitReportReporter -->
<testsuite hostname="SATEESH" name="com.Utils.Utilclass" tests="1" failures="0" timestamp="7 May 2020 09:37:09 GMT" time="0.000" errors="0">
  <testcase name="utils" time="0.000" classname="com.Utils.Utilclass"/>
</testsuite> <!-- com.Utils.Utilclass -->
