<?xml version="1.0" encoding="UTF-8"?>
<!-- Generated by org.testng.reporters.JUnitReportReporter -->
<testsuite hostname="SATEESH" name="com.Test.LoginTest" tests="1" failures="0" timestamp="7 May 2020 09:37:10 GMT" time="0.000" errors="0">
  <testcase name="test01" time="0.000" classname="com.Test.LoginTest"/>
</testsuite> <!-- com.Test.LoginTest -->
