<?xml version="1.0" encoding="UTF-8"?>
<!-- Generated by org.testng.reporters.JUnitReportReporter -->
<testsuite hostname="SATEESH" name="com.pages.HomePage" tests="1" failures="0" timestamp="7 May 2020 15:22:50 GMT" time="0.000" errors="0">
  <testcase name="home" time="0.000" classname="com.pages.HomePage"/>
</testsuite> <!-- com.pages.HomePage -->
