<?xml version="1.0" encoding="UTF-8"?>
<!-- Generated by org.testng.reporters.JUnitReportReporter -->
<testsuite hostname="SATEESH" name="com.Test.Loginpage" tests="2" failures="0" timestamp="7 May 2020 15:22:50 GMT" time="175.692" errors="0">
  <testcase name="createAccount" time="175.692" classname="com.Test.Loginpage"/>
  <testcase name="login" time="0.000" classname="com.Test.Loginpage"/>
</testsuite> <!-- com.Test.Loginpage -->
